2023-01-24 07:15:56.783  WARN 25264 --- [HikariPool-5 housekeeper] com.zaxxer.hikari.pool.HikariPool        : HikariPool-5 - Thread starvation or clock leap detected (housekeeper delta=12h8m57s2ms2µs200ns).
2023-01-24 07:15:57.253  WARN 25264 --- [HikariPool-6 housekeeper] com.zaxxer.hikari.pool.HikariPool        : HikariPool-6 - Thread starvation or clock leap detected (housekeeper delta=12h8m57s1ms778µs100ns).
2023-01-24 07:18:02.435  INFO 25264 --- [AsyncResolver-bootstrap-executor-0] c.n.d.s.r.aws.ConfigClusterResolver      : Resolving eureka endpoints via configuration
2023-01-24 07:23:02.436  INFO 25264 --- [AsyncResolver-bootstrap-executor-0] c.n.d.s.r.aws.ConfigClusterResolver      : Resolving eureka endpoints via configuration
2023-01-24 07:28:02.450  INFO 25264 --- [AsyncResolver-bootstrap-executor-0] c.n.d.s.r.aws.ConfigClusterResolver      : Resolving eureka endpoints via configuration
2023-01-24 07:33:02.454  INFO 25264 --- [AsyncResolver-bootstrap-executor-0] c.n.d.s.r.aws.ConfigClusterResolver      : Resolving eureka endpoints via configuration
2023-01-24 07:38:02.465  INFO 25264 --- [AsyncResolver-bootstrap-executor-0] c.n.d.s.r.aws.ConfigClusterResolver      : Resolving eureka endpoints via configuration
2023-01-24 07:43:02.467  INFO 25264 --- [AsyncResolver-bootstrap-executor-0] c.n.d.s.r.aws.ConfigClusterResolver      : Resolving eureka endpoints via configuration
2023-01-24 07:44:24.093  INFO 25264 --- [File Watcher] rtingClassPathChangeChangedEventListener : Restarting due to 3 class path changes (0 additions, 0 deletions, 3 modifications)
2023-01-24 07:44:24.099  INFO 25264 --- [Thread-15] o.s.c.n.e.s.EurekaServiceRegistry        : Unregistering application ORDERMANAGEMENT with eureka with status DOWN
2023-01-24 07:44:24.099  INFO 25264 --- [Thread-15] com.netflix.discovery.DiscoveryClient    : Saw local status change event StatusChangeEvent [timestamp=1674526464099, current=DOWN, previous=UP]
2023-01-24 07:44:24.099  INFO 25264 --- [DiscoveryClient-InstanceInfoReplicator-0] com.netflix.discovery.DiscoveryClient    : DiscoveryClient_ORDERMANAGEMENT/localhost:orderManagement:8081: registering service...
2023-01-24 07:44:24.118  INFO 25264 --- [DiscoveryClient-InstanceInfoReplicator-0] com.netflix.discovery.DiscoveryClient    : DiscoveryClient_ORDERMANAGEMENT/localhost:orderManagement:8081 - registration status: 204
2023-01-24 07:44:24.298  INFO 25264 --- [Thread-15] o.apache.catalina.core.StandardService   : Stopping service [Tomcat]
2023-01-24 07:44:24.301  WARN 25264 --- [Thread-15] o.a.c.loader.WebappClassLoaderBase       : The web application [ROOT] appears to have started a thread named [HikariPool-5 housekeeper] but has failed to stop it. This is very likely to create a memory leak. Stack trace of thread:
 java.base@11/jdk.internal.misc.Unsafe.park(Native Method)
 java.base@11/java.util.concurrent.locks.LockSupport.parkNanos(LockSupport.java:234)
 java.base@11/java.util.concurrent.locks.AbstractQueuedSynchronizer$ConditionObject.awaitNanos(AbstractQueuedSynchronizer.java:2123)
 java.base@11/java.util.concurrent.ScheduledThreadPoolExecutor$DelayedWorkQueue.take(ScheduledThreadPoolExecutor.java:1182)
 java.base@11/java.util.concurrent.ScheduledThreadPoolExecutor$DelayedWorkQueue.take(ScheduledThreadPoolExecutor.java:899)
 java.base@11/java.util.concurrent.ThreadPoolExecutor.getTask(ThreadPoolExecutor.java:1054)
 java.base@11/java.util.concurrent.ThreadPoolExecutor.runWorker(ThreadPoolExecutor.java:1114)
 java.base@11/java.util.concurrent.ThreadPoolExecutor$Worker.run(ThreadPoolExecutor.java:628)
 java.base@11/java.lang.Thread.run(Thread.java:834)
2023-01-24 07:44:24.301  WARN 25264 --- [Thread-15] o.a.c.loader.WebappClassLoaderBase       : The web application [ROOT] appears to have started a thread named [HikariPool-6 housekeeper] but has failed to stop it. This is very likely to create a memory leak. Stack trace of thread:
 java.base@11/jdk.internal.misc.Unsafe.park(Native Method)
 java.base@11/java.util.concurrent.locks.LockSupport.parkNanos(LockSupport.java:234)
 java.base@11/java.util.concurrent.locks.AbstractQueuedSynchronizer$ConditionObject.awaitNanos(AbstractQueuedSynchronizer.java:2123)
 java.base@11/java.util.concurrent.ScheduledThreadPoolExecutor$DelayedWorkQueue.take(ScheduledThreadPoolExecutor.java:1182)
 java.base@11/java.util.concurrent.ScheduledThreadPoolExecutor$DelayedWorkQueue.take(ScheduledThreadPoolExecutor.java:899)
 java.base@11/java.util.concurrent.ThreadPoolExecutor.getTask(ThreadPoolExecutor.java:1054)
 java.base@11/java.util.concurrent.ThreadPoolExecutor.runWorker(ThreadPoolExecutor.java:1114)
 java.base@11/java.util.concurrent.ThreadPoolExecutor$Worker.run(ThreadPoolExecutor.java:628)
 java.base@11/java.lang.Thread.run(Thread.java:834)
2023-01-24 07:44:24.301  WARN 25264 --- [Thread-15] o.a.c.loader.WebappClassLoaderBase       : The web application [ROOT] appears to have started a thread named [logback-1] but has failed to stop it. This is very likely to create a memory leak. Stack trace of thread:
 java.base@11/jdk.internal.misc.Unsafe.park(Native Method)
 java.base@11/java.util.concurrent.locks.LockSupport.park(LockSupport.java:194)
 java.base@11/java.util.concurrent.locks.AbstractQueuedSynchronizer$ConditionObject.await(AbstractQueuedSynchronizer.java:2081)
 java.base@11/java.util.concurrent.ScheduledThreadPoolExecutor$DelayedWorkQueue.take(ScheduledThreadPoolExecutor.java:1170)
 java.base@11/java.util.concurrent.ScheduledThreadPoolExecutor$DelayedWorkQueue.take(ScheduledThreadPoolExecutor.java:899)
 java.base@11/java.util.concurrent.ThreadPoolExecutor.getTask(ThreadPoolExecutor.java:1054)
 java.base@11/java.util.concurrent.ThreadPoolExecutor.runWorker(ThreadPoolExecutor.java:1114)
 java.base@11/java.util.concurrent.ThreadPoolExecutor$Worker.run(ThreadPoolExecutor.java:628)
 java.base@11/java.lang.Thread.run(Thread.java:834)
2023-01-24 07:44:24.321  INFO 25264 --- [Thread-15] j.LocalContainerEntityManagerFactoryBean : Closing JPA EntityManagerFactory for persistence unit 'default'
2023-01-24 07:44:24.337  INFO 25264 --- [Thread-15] j.LocalContainerEntityManagerFactoryBean : Closing JPA EntityManagerFactory for persistence unit 'order_management'
2023-01-24 07:44:24.337  INFO 25264 --- [Thread-15] com.zaxxer.hikari.HikariDataSource       : HikariPool-5 - Shutdown initiated...
2023-01-24 07:44:24.353  INFO 25264 --- [Thread-15] com.zaxxer.hikari.HikariDataSource       : HikariPool-5 - Shutdown completed.
2023-01-24 07:44:24.353  INFO 25264 --- [Thread-15] com.zaxxer.hikari.HikariDataSource       : HikariPool-6 - Shutdown initiated...
2023-01-24 07:44:24.358  INFO 25264 --- [Thread-15] com.zaxxer.hikari.HikariDataSource       : HikariPool-6 - Shutdown completed.
2023-01-24 07:44:24.359  INFO 25264 --- [Thread-15] com.netflix.discovery.DiscoveryClient    : Shutting down DiscoveryClient ...
2023-01-24 07:44:27.377  INFO 25264 --- [Thread-15] com.netflix.discovery.DiscoveryClient    : Unregistering ...
2023-01-24 07:44:27.396  INFO 25264 --- [Thread-15] com.netflix.discovery.DiscoveryClient    : DiscoveryClient_ORDERMANAGEMENT/localhost:orderManagement:8081 - deregister  status: 200
2023-01-24 07:44:27.400  INFO 25264 --- [Thread-15] com.netflix.discovery.DiscoveryClient    : Completed shut down of DiscoveryClient
2023-01-24 07:44:28.883  INFO 25264 --- [restartedMain] c.o.OrderManagementApplication           : Starting OrderManagementApplication using Java 11 on SEPPA-L-3122 with PID 25264 (D:\Practise\demo\order_management\target\classes started by seppa in D:\Practise\demo\order_management)
2023-01-24 07:44:28.883 DEBUG 25264 --- [restartedMain] c.o.OrderManagementApplication           : Running with Spring Boot v2.7.6, Spring v5.3.24
2023-01-24 07:44:28.883  INFO 25264 --- [restartedMain] c.o.OrderManagementApplication           : No active profile set, falling back to 1 default profile: "default"
2023-01-24 07:44:29.081  INFO 25264 --- [restartedMain] .s.d.r.c.RepositoryConfigurationDelegate : Bootstrapping Spring Data JPA repositories in DEFAULT mode.
2023-01-24 07:44:29.097  INFO 25264 --- [restartedMain] .s.d.r.c.RepositoryConfigurationDelegate : Finished Spring Data repository scanning in 3 ms. Found 1 JPA repository interfaces.
2023-01-24 07:44:29.097  INFO 25264 --- [restartedMain] .s.d.r.c.RepositoryConfigurationDelegate : Bootstrapping Spring Data JPA repositories in DEFAULT mode.
2023-01-24 07:44:29.113  INFO 25264 --- [restartedMain] .s.d.r.c.RepositoryConfigurationDelegate : Finished Spring Data repository scanning in 17 ms. Found 13 JPA repository interfaces.
2023-01-24 07:44:29.304  INFO 25264 --- [restartedMain] o.s.cloud.context.scope.GenericScope     : BeanFactory id=0d846473-9f77-30c2-8bdf-be82f22d7272
2023-01-24 07:44:29.525  INFO 25264 --- [restartedMain] o.s.b.w.embedded.tomcat.TomcatWebServer  : Tomcat initialized with port(s): 8081 (http)
2023-01-24 07:44:29.525  INFO 25264 --- [restartedMain] o.apache.catalina.core.StandardService   : Starting service [Tomcat]
2023-01-24 07:44:29.525  INFO 25264 --- [restartedMain] org.apache.catalina.core.StandardEngine  : Starting Servlet engine: [Apache Tomcat/9.0.69]
2023-01-24 07:44:29.541  INFO 25264 --- [restartedMain] o.a.c.c.C.[Tomcat].[localhost].[/]       : Initializing Spring embedded WebApplicationContext
2023-01-24 07:44:29.541  INFO 25264 --- [restartedMain] w.s.c.ServletWebServerApplicationContext : Root WebApplicationContext: initialization completed in 658 ms
2023-01-24 07:44:29.747  INFO 25264 --- [restartedMain] com.zaxxer.hikari.HikariDataSource       : HikariPool-7 - Starting...
2023-01-24 07:44:29.796  INFO 25264 --- [restartedMain] com.zaxxer.hikari.HikariDataSource       : HikariPool-7 - Start completed.
2023-01-24 07:44:29.828  INFO 25264 --- [restartedMain] o.hibernate.jpa.internal.util.LogHelper  : HHH000204: Processing PersistenceUnitInfo [name: order_management]
2023-01-24 07:44:29.843  INFO 25264 --- [restartedMain] org.hibernate.dialect.Dialect            : HHH000400: Using dialect: org.hibernate.dialect.PostgreSQLDialect
2023-01-24 07:44:29.881  WARN 25264 --- [restartedMain] org.hibernate.mapping.RootClass          : HHH000038: Composite-id class does not override equals(): com.orderManagement.entity.UserRoleKey
2023-01-24 07:44:29.881  WARN 25264 --- [restartedMain] org.hibernate.mapping.RootClass          : HHH000039: Composite-id class does not override hashCode(): com.orderManagement.entity.UserRoleKey
2023-01-24 07:44:29.936  INFO 25264 --- [restartedMain] o.h.e.t.j.p.i.JtaPlatformInitiator       : HHH000490: Using JtaPlatform implementation: [org.hibernate.engine.transaction.jta.platform.internal.NoJtaPlatform]
2023-01-24 07:44:29.936  INFO 25264 --- [restartedMain] j.LocalContainerEntityManagerFactoryBean : Initialized JPA EntityManagerFactory for persistence unit 'order_management'
2023-01-24 07:44:29.999  INFO 25264 --- [restartedMain] o.hibernate.jpa.internal.util.LogHelper  : HHH000204: Processing PersistenceUnitInfo [name: default]
2023-01-24 07:44:30.015  INFO 25264 --- [restartedMain] com.zaxxer.hikari.HikariDataSource       : HikariPool-8 - Starting...
2023-01-24 07:44:30.054  INFO 25264 --- [restartedMain] com.zaxxer.hikari.HikariDataSource       : HikariPool-8 - Start completed.
2023-01-24 07:44:30.054  INFO 25264 --- [restartedMain] org.hibernate.dialect.Dialect            : HHH000400: Using dialect: org.hibernate.dialect.PostgreSQLDialect
2023-01-24 07:44:30.087  INFO 25264 --- [restartedMain] o.h.e.t.j.p.i.JtaPlatformInitiator       : HHH000490: Using JtaPlatform implementation: [org.hibernate.engine.transaction.jta.platform.internal.NoJtaPlatform]
2023-01-24 07:44:30.087  INFO 25264 --- [restartedMain] j.LocalContainerEntityManagerFactoryBean : Initialized JPA EntityManagerFactory for persistence unit 'default'
2023-01-24 07:44:30.335  WARN 25264 --- [restartedMain] JpaBaseConfiguration$JpaWebConfiguration : spring.jpa.open-in-view is enabled by default. Therefore, database queries may be performed during view rendering. Explicitly configure spring.jpa.open-in-view to disable this warning
2023-01-24 07:44:30.424 DEBUG 25264 --- [restartedMain] c.o.security.JwtAuthenticationFilter     : Filter 'jwtAuthenticationFilter' configured for use
2023-01-24 07:44:30.482  WARN 25264 --- [restartedMain] o.s.b.c.c.a.DefaultBatchConfigurer       : No transaction manager was provided, using a DataSourceTransactionManager
2023-01-24 07:44:30.489  INFO 25264 --- [restartedMain] o.s.b.c.r.s.JobRepositoryFactoryBean     : No database type set, using meta data indicating: POSTGRES
2023-01-24 07:44:30.490  INFO 25264 --- [restartedMain] o.s.b.c.l.support.SimpleJobLauncher      : No TaskExecutor has been set, defaulting to synchronous executor.
2023-01-24 07:44:31.083  WARN 25264 --- [restartedMain] o.s.s.c.a.web.builders.WebSecurity       : You are asking Spring Security to ignore Ant [pattern='/static/css/**, /static/js/**, *.ico']. This is not recommended -- please use permitAll via HttpSecurity#authorizeHttpRequests instead.
2023-01-24 07:44:31.083  INFO 25264 --- [restartedMain] o.s.s.web.DefaultSecurityFilterChain     : Will not secure Ant [pattern='/static/css/**, /static/js/**, *.ico']
2023-01-24 07:44:31.083  WARN 25264 --- [restartedMain] o.s.s.c.a.web.builders.WebSecurity       : You are asking Spring Security to ignore Ant [pattern='/v2/api-docs']. This is not recommended -- please use permitAll via HttpSecurity#authorizeHttpRequests instead.
2023-01-24 07:44:31.083  INFO 25264 --- [restartedMain] o.s.s.web.DefaultSecurityFilterChain     : Will not secure Ant [pattern='/v2/api-docs']
2023-01-24 07:44:31.083  WARN 25264 --- [restartedMain] o.s.s.c.a.web.builders.WebSecurity       : You are asking Spring Security to ignore Ant [pattern='/configuration/ui']. This is not recommended -- please use permitAll via HttpSecurity#authorizeHttpRequests instead.
2023-01-24 07:44:31.083  INFO 25264 --- [restartedMain] o.s.s.web.DefaultSecurityFilterChain     : Will not secure Ant [pattern='/configuration/ui']
2023-01-24 07:44:31.083  WARN 25264 --- [restartedMain] o.s.s.c.a.web.builders.WebSecurity       : You are asking Spring Security to ignore Ant [pattern='/swagger-resources']. This is not recommended -- please use permitAll via HttpSecurity#authorizeHttpRequests instead.
2023-01-24 07:44:31.083  INFO 25264 --- [restartedMain] o.s.s.web.DefaultSecurityFilterChain     : Will not secure Ant [pattern='/swagger-resources']
2023-01-24 07:44:31.083  WARN 25264 --- [restartedMain] o.s.s.c.a.web.builders.WebSecurity       : You are asking Spring Security to ignore Ant [pattern='/configuration/security']. This is not recommended -- please use permitAll via HttpSecurity#authorizeHttpRequests instead.
2023-01-24 07:44:31.083  INFO 25264 --- [restartedMain] o.s.s.web.DefaultSecurityFilterChain     : Will not secure Ant [pattern='/configuration/security']
2023-01-24 07:44:31.083  WARN 25264 --- [restartedMain] o.s.s.c.a.web.builders.WebSecurity       : You are asking Spring Security to ignore Ant [pattern='/swagger-ui.html']. This is not recommended -- please use permitAll via HttpSecurity#authorizeHttpRequests instead.
2023-01-24 07:44:31.083  INFO 25264 --- [restartedMain] o.s.s.web.DefaultSecurityFilterChain     : Will not secure Ant [pattern='/swagger-ui.html']
2023-01-24 07:44:31.083  WARN 25264 --- [restartedMain] o.s.s.c.a.web.builders.WebSecurity       : You are asking Spring Security to ignore Ant [pattern='/webjars/**']. This is not recommended -- please use permitAll via HttpSecurity#authorizeHttpRequests instead.
2023-01-24 07:44:31.083  INFO 25264 --- [restartedMain] o.s.s.web.DefaultSecurityFilterChain     : Will not secure Ant [pattern='/webjars/**']
2023-01-24 07:44:31.083  WARN 25264 --- [restartedMain] o.s.s.c.a.web.builders.WebSecurity       : You are asking Spring Security to ignore Ant [pattern='/swagger/**']. This is not recommended -- please use permitAll via HttpSecurity#authorizeHttpRequests instead.
2023-01-24 07:44:31.083  INFO 25264 --- [restartedMain] o.s.s.web.DefaultSecurityFilterChain     : Will not secure Ant [pattern='/swagger/**']
2023-01-24 07:44:31.083  WARN 25264 --- [restartedMain] o.s.s.c.a.web.builders.WebSecurity       : You are asking Spring Security to ignore Ant [pattern='/register']. This is not recommended -- please use permitAll via HttpSecurity#authorizeHttpRequests instead.
2023-01-24 07:44:31.083  INFO 25264 --- [restartedMain] o.s.s.web.DefaultSecurityFilterChain     : Will not secure Ant [pattern='/register']
2023-01-24 07:44:31.083  WARN 25264 --- [restartedMain] o.s.s.c.a.web.builders.WebSecurity       : You are asking Spring Security to ignore Ant [pattern='/login']. This is not recommended -- please use permitAll via HttpSecurity#authorizeHttpRequests instead.
2023-01-24 07:44:31.083  INFO 25264 --- [restartedMain] o.s.s.web.DefaultSecurityFilterChain     : Will not secure Ant [pattern='/login']
2023-01-24 07:44:32.903  INFO 25264 --- [restartedMain] o.s.cloud.commons.util.InetUtils         : Cannot determine local hostname
2023-01-24 07:44:33.258  INFO 25264 --- [restartedMain] o.s.b.a.e.web.EndpointLinksResolver      : Exposing 1 endpoint(s) beneath base path '/actuator'
2023-01-24 07:44:33.306  INFO 25264 --- [restartedMain] o.s.s.web.DefaultSecurityFilterChain     : Will secure any request with [org.springframework.security.web.session.DisableEncodeUrlFilter@5ed1ba2f, org.springframework.security.web.context.request.async.WebAsyncManagerIntegrationFilter@23c1b8a7, org.springframework.security.web.context.SecurityContextPersistenceFilter@65bce0ca, org.springframework.security.web.header.HeaderWriterFilter@68e3519a, org.springframework.web.filter.CorsFilter@2dccbe67, org.springframework.security.web.authentication.logout.LogoutFilter@5507359f, com.orderManagement.security.JwtAuthenticationFilter@3e1d9893, org.springframework.security.web.savedrequest.RequestCacheAwareFilter@22fefae0, org.springframework.security.web.servletapi.SecurityContextHolderAwareRequestFilter@6e9c291e, org.springframework.security.web.authentication.AnonymousAuthenticationFilter@4e9a6d83, org.springframework.security.web.session.SessionManagementFilter@5ee33fd8, org.springframework.security.web.access.ExceptionTranslationFilter@4f794bf1, org.springframework.security.web.access.intercept.FilterSecurityInterceptor@3cf7db3c]
2023-01-24 07:44:33.728  INFO 25264 --- [restartedMain] o.s.b.d.a.OptionalLiveReloadServer       : LiveReload server is running on port 35729
2023-01-24 07:44:34.970  INFO 25264 --- [restartedMain] o.s.cloud.commons.util.InetUtils         : Cannot determine local hostname
2023-01-24 07:44:34.991  INFO 25264 --- [restartedMain] DiscoveryClientOptionalArgsConfiguration : Eureka HTTP Client uses RestTemplate.
2023-01-24 07:44:35.099  WARN 25264 --- [restartedMain] iguration$LoadBalancerCaffeineWarnLogger : Spring Cloud LoadBalancer is currently working with the default cache. While this cache implementation is useful for development and tests, it's recommended to use Caffeine cache in production.You can switch to using Caffeine cache, by adding it and org.springframework.cache.caffeine.CaffeineCacheManager to the classpath.
2023-01-24 07:44:35.130  INFO 25264 --- [restartedMain] o.s.c.n.eureka.InstanceInfoFactory       : Setting initial instance status as: STARTING
2023-01-24 07:44:35.146  INFO 25264 --- [restartedMain] com.netflix.discovery.DiscoveryClient    : Initializing Eureka in region us-east-1
2023-01-24 07:44:35.146  INFO 25264 --- [restartedMain] c.n.d.s.r.aws.ConfigClusterResolver      : Resolving eureka endpoints via configuration
2023-01-24 07:44:35.146  INFO 25264 --- [restartedMain] com.netflix.discovery.DiscoveryClient    : Disable delta property : false
2023-01-24 07:44:35.146  INFO 25264 --- [restartedMain] com.netflix.discovery.DiscoveryClient    : Single vip registry refresh property : null
2023-01-24 07:44:35.146  INFO 25264 --- [restartedMain] com.netflix.discovery.DiscoveryClient    : Force full registry fetch : false
2023-01-24 07:44:35.146  INFO 25264 --- [restartedMain] com.netflix.discovery.DiscoveryClient    : Application is null : false
2023-01-24 07:44:35.146  INFO 25264 --- [restartedMain] com.netflix.discovery.DiscoveryClient    : Registered Applications size is zero : true
2023-01-24 07:44:35.146  INFO 25264 --- [restartedMain] com.netflix.discovery.DiscoveryClient    : Application version is -1: true
2023-01-24 07:44:35.146  INFO 25264 --- [restartedMain] com.netflix.discovery.DiscoveryClient    : Getting all instance registry info from the eureka server
2023-01-24 07:44:35.162  INFO 25264 --- [restartedMain] com.netflix.discovery.DiscoveryClient    : The response status is 200
2023-01-24 07:44:35.162  INFO 25264 --- [restartedMain] com.netflix.discovery.DiscoveryClient    : Starting heartbeat executor: renew interval is: 30
2023-01-24 07:44:35.162  INFO 25264 --- [restartedMain] c.n.discovery.InstanceInfoReplicator     : InstanceInfoReplicator onDemand update allowed rate per min is 4
2023-01-24 07:44:35.162  INFO 25264 --- [restartedMain] com.netflix.discovery.DiscoveryClient    : Discovery Client initialized at timestamp 1674526475162 with initial instances count: 1
2023-01-24 07:44:35.178  INFO 25264 --- [restartedMain] o.s.c.n.e.s.EurekaServiceRegistry        : Registering application ORDERMANAGEMENT with eureka with status UP
2023-01-24 07:44:35.178  INFO 25264 --- [restartedMain] com.netflix.discovery.DiscoveryClient    : Saw local status change event StatusChangeEvent [timestamp=1674526475178, current=UP, previous=STARTING]
2023-01-24 07:44:35.186  INFO 25264 --- [DiscoveryClient-InstanceInfoReplicator-0] com.netflix.discovery.DiscoveryClient    : DiscoveryClient_ORDERMANAGEMENT/localhost:orderManagement:8081: registering service...
2023-01-24 07:44:35.188  INFO 25264 --- [restartedMain] o.s.b.w.embedded.tomcat.TomcatWebServer  : Tomcat started on port(s): 8081 (http) with context path ''
2023-01-24 07:44:35.188  INFO 25264 --- [restartedMain] .s.c.n.e.s.EurekaAutoServiceRegistration : Updating port to 8081
2023-01-24 07:44:35.195  INFO 25264 --- [DiscoveryClient-InstanceInfoReplicator-0] com.netflix.discovery.DiscoveryClient    : DiscoveryClient_ORDERMANAGEMENT/localhost:orderManagement:8081 - registration status: 204
2023-01-24 07:44:36.398  INFO 25264 --- [restartedMain] o.s.cloud.commons.util.InetUtils         : Cannot determine local hostname
2023-01-24 07:44:36.416  INFO 25264 --- [restartedMain] c.o.OrderManagementApplication           : Started OrderManagementApplication in 8.805 seconds (JVM running for 66403.456)
2023-01-24 07:44:36.416  INFO 25264 --- [restartedMain] .ConditionEvaluationDeltaLoggingListener : Condition evaluation unchanged
2023-01-24 07:49:35.151  INFO 25264 --- [AsyncResolver-bootstrap-executor-0] c.n.d.s.r.aws.ConfigClusterResolver      : Resolving eureka endpoints via configuration
2023-01-24 07:54:35.164  INFO 25264 --- [AsyncResolver-bootstrap-executor-0] c.n.d.s.r.aws.ConfigClusterResolver      : Resolving eureka endpoints via configuration
2023-01-24 07:59:35.178  INFO 25264 --- [AsyncResolver-bootstrap-executor-0] c.n.d.s.r.aws.ConfigClusterResolver      : Resolving eureka endpoints via configuration
2023-01-24 08:04:35.187  INFO 25264 --- [AsyncResolver-bootstrap-executor-0] c.n.d.s.r.aws.ConfigClusterResolver      : Resolving eureka endpoints via configuration
2023-01-24 08:09:35.190  INFO 25264 --- [AsyncResolver-bootstrap-executor-0] c.n.d.s.r.aws.ConfigClusterResolver      : Resolving eureka endpoints via configuration
2023-01-24 08:14:35.200  INFO 25264 --- [AsyncResolver-bootstrap-executor-0] c.n.d.s.r.aws.ConfigClusterResolver      : Resolving eureka endpoints via configuration
2023-01-24 08:19:35.213  INFO 25264 --- [AsyncResolver-bootstrap-executor-0] c.n.d.s.r.aws.ConfigClusterResolver      : Resolving eureka endpoints via configuration
2023-01-24 08:24:46.889  INFO 25264 --- [AsyncResolver-bootstrap-executor-0] c.n.d.s.r.aws.ConfigClusterResolver      : Resolving eureka endpoints via configuration
2023-01-24 08:29:46.903  INFO 25264 --- [AsyncResolver-bootstrap-executor-0] c.n.d.s.r.aws.ConfigClusterResolver      : Resolving eureka endpoints via configuration
2023-01-24 08:34:46.912  INFO 25264 --- [AsyncResolver-bootstrap-executor-0] c.n.d.s.r.aws.ConfigClusterResolver      : Resolving eureka endpoints via configuration
2023-01-24 08:39:46.927  INFO 25264 --- [AsyncResolver-bootstrap-executor-0] c.n.d.s.r.aws.ConfigClusterResolver      : Resolving eureka endpoints via configuration
2023-01-24 08:44:46.939  INFO 25264 --- [AsyncResolver-bootstrap-executor-0] c.n.d.s.r.aws.ConfigClusterResolver      : Resolving eureka endpoints via configuration
2023-01-24 08:49:46.945  INFO 25264 --- [AsyncResolver-bootstrap-executor-0] c.n.d.s.r.aws.ConfigClusterResolver      : Resolving eureka endpoints via configuration
2023-01-24 08:51:33.722  INFO 25264 --- [RMI TCP Connection(6)-127.0.0.1] inMXBeanRegistrar$SpringApplicationAdmin : Application shutdown requested.
2023-01-24 08:51:33.722  INFO 25264 --- [RMI TCP Connection(6)-127.0.0.1] o.s.c.n.e.s.EurekaServiceRegistry        : Unregistering application ORDERMANAGEMENT with eureka with status DOWN
2023-01-24 08:51:33.722  INFO 25264 --- [RMI TCP Connection(6)-127.0.0.1] com.netflix.discovery.DiscoveryClient    : Saw local status change event StatusChangeEvent [timestamp=1674530493722, current=DOWN, previous=UP]
2023-01-24 08:51:33.722  INFO 25264 --- [DiscoveryClient-InstanceInfoReplicator-0] com.netflix.discovery.DiscoveryClient    : DiscoveryClient_ORDERMANAGEMENT/localhost:orderManagement:8081: registering service...
2023-01-24 08:51:33.739  INFO 25264 --- [DiscoveryClient-InstanceInfoReplicator-0] com.netflix.discovery.DiscoveryClient    : DiscoveryClient_ORDERMANAGEMENT/localhost:orderManagement:8081 - registration status: 204
2023-01-24 08:51:33.866  INFO 25264 --- [RMI TCP Connection(6)-127.0.0.1] o.apache.catalina.core.StandardService   : Stopping service [Tomcat]
2023-01-24 08:51:33.870  WARN 25264 --- [RMI TCP Connection(6)-127.0.0.1] o.a.c.loader.WebappClassLoaderBase       : The web application [ROOT] appears to have started a thread named [HikariPool-7 housekeeper] but has failed to stop it. This is very likely to create a memory leak. Stack trace of thread:
 java.base@11/jdk.internal.misc.Unsafe.park(Native Method)
 java.base@11/java.util.concurrent.locks.LockSupport.parkNanos(LockSupport.java:234)
 java.base@11/java.util.concurrent.locks.AbstractQueuedSynchronizer$ConditionObject.awaitNanos(AbstractQueuedSynchronizer.java:2123)
 java.base@11/java.util.concurrent.ScheduledThreadPoolExecutor$DelayedWorkQueue.take(ScheduledThreadPoolExecutor.java:1182)
 java.base@11/java.util.concurrent.ScheduledThreadPoolExecutor$DelayedWorkQueue.take(ScheduledThreadPoolExecutor.java:899)
 java.base@11/java.util.concurrent.ThreadPoolExecutor.getTask(ThreadPoolExecutor.java:1054)
 java.base@11/java.util.concurrent.ThreadPoolExecutor.runWorker(ThreadPoolExecutor.java:1114)
 java.base@11/java.util.concurrent.ThreadPoolExecutor$Worker.run(ThreadPoolExecutor.java:628)
 java.base@11/java.lang.Thread.run(Thread.java:834)
2023-01-24 08:51:33.870  WARN 25264 --- [RMI TCP Connection(6)-127.0.0.1] o.a.c.loader.WebappClassLoaderBase       : The web application [ROOT] appears to have started a thread named [HikariPool-8 housekeeper] but has failed to stop it. This is very likely to create a memory leak. Stack trace of thread:
 java.base@11/jdk.internal.misc.Unsafe.park(Native Method)
 java.base@11/java.util.concurrent.locks.LockSupport.parkNanos(LockSupport.java:234)
 java.base@11/java.util.concurrent.locks.AbstractQueuedSynchronizer$ConditionObject.awaitNanos(AbstractQueuedSynchronizer.java:2123)
 java.base@11/java.util.concurrent.ScheduledThreadPoolExecutor$DelayedWorkQueue.take(ScheduledThreadPoolExecutor.java:1182)
 java.base@11/java.util.concurrent.ScheduledThreadPoolExecutor$DelayedWorkQueue.take(ScheduledThreadPoolExecutor.java:899)
 java.base@11/java.util.concurrent.ThreadPoolExecutor.getTask(ThreadPoolExecutor.java:1054)
 java.base@11/java.util.concurrent.ThreadPoolExecutor.runWorker(ThreadPoolExecutor.java:1114)
 java.base@11/java.util.concurrent.ThreadPoolExecutor$Worker.run(ThreadPoolExecutor.java:628)
 java.base@11/java.lang.Thread.run(Thread.java:834)
2023-01-24 08:51:33.879  INFO 25264 --- [RMI TCP Connection(6)-127.0.0.1] j.LocalContainerEntityManagerFactoryBean : Closing JPA EntityManagerFactory for persistence unit 'default'
2023-01-24 08:51:33.879  INFO 25264 --- [RMI TCP Connection(6)-127.0.0.1] j.LocalContainerEntityManagerFactoryBean : Closing JPA EntityManagerFactory for persistence unit 'order_management'
2023-01-24 08:51:33.881  INFO 25264 --- [RMI TCP Connection(6)-127.0.0.1] com.zaxxer.hikari.HikariDataSource       : HikariPool-7 - Shutdown initiated...
2023-01-24 08:51:33.885  INFO 25264 --- [RMI TCP Connection(6)-127.0.0.1] com.zaxxer.hikari.HikariDataSource       : HikariPool-7 - Shutdown completed.
2023-01-24 08:51:33.885  INFO 25264 --- [RMI TCP Connection(6)-127.0.0.1] com.zaxxer.hikari.HikariDataSource       : HikariPool-8 - Shutdown initiated...
2023-01-24 08:51:33.890  INFO 25264 --- [RMI TCP Connection(6)-127.0.0.1] com.zaxxer.hikari.HikariDataSource       : HikariPool-8 - Shutdown completed.
2023-01-24 08:51:33.892  INFO 25264 --- [RMI TCP Connection(6)-127.0.0.1] com.netflix.discovery.DiscoveryClient    : Shutting down DiscoveryClient ...
